#! /usr/bin/vvp
:ivl_version "10.1 (stable)";
:ivl_delay_selection "TYPICAL";
:vpi_time_precision - 11;
:vpi_module "system";
:vpi_module "vhdl_sys";
:vpi_module "v2005_math";
:vpi_module "va_math";
S_0x55d72c84b910 .scope module, "fixed_point_tb" "fixed_point_tb" 2 3;
 .timescale -8 -11;
P_0x55d72c7f17b0 .param/l "NUM_BITS_DATA" 0 2 5, +C4<00000000000000000000000000001000>;
v0x55d72c86d550_0 .net "a_out", 15 0, L_0x55d72c87e4e0;  1 drivers
v0x55d72c86d660_0 .net "boundaries_output", 15 0, L_0x55d72c87e090;  1 drivers
v0x55d72c86d730_0 .var "clk", 0 0;
v0x55d72c86d830_0 .net "count_out", 31 0, L_0x55d72c8311f0;  1 drivers
v0x55d72c86d900_0 .net "sum_out", 31 0, L_0x55d72c87dc40;  1 drivers
S_0x55d72c84ba90 .scope module, "fixed_point_inst" "fixed_point" 2 18, 3 2 0, S_0x55d72c84b910;
 .timescale -8 -11;
    .port_info 0 /INPUT 1 "clk"
    .port_info 1 /OUTPUT 32 "count_out"
    .port_info 2 /OUTPUT 32 "sum_out"
    .port_info 3 /OUTPUT 16 "boundaries_output"
    .port_info 4 /OUTPUT 16 "a_out"
P_0x55d72c7eee40 .param/l "NUMBER_OF_DATA" 0 3 16, +C4<00000000000000000000000011001000>;
P_0x55d72c7eee80 .param/l "NUM_BITS_DATA" 0 3 15, +C4<00000000000000000000000000001000>;
P_0x55d72c7eeec0 .param/l "check_iteration" 0 3 73, +C4<00000000000000000000000000000100>;
P_0x55d72c7eef00 .param/l "idle" 0 3 74, +C4<00000000000000000000000000000101>;
P_0x55d72c7eef40 .param/l "search_location" 0 3 69, +C4<00000000000000000000000000000000>;
P_0x55d72c7eef80 .param/l "update_a" 0 3 71, +C4<00000000000000000000000000000010>;
P_0x55d72c7eefc0 .param/l "update_boundaries" 0 3 72, +C4<00000000000000000000000000000011>;
P_0x55d72c7ef000 .param/l "update_count_sum" 0 3 70, +C4<00000000000000000000000000000001>;
L_0x55d72c8311f0 .functor BUFZ 32, L_0x55d72c86d9a0, C4<00000000000000000000000000000000>, C4<00000000000000000000000000000000>, C4<00000000000000000000000000000000>;
v0x55d72c84be20_0 .net *"_s0", 31 0, L_0x55d72c86d9a0;  1 drivers
v0x55d72c86b6a0_0 .net *"_s11", 31 0, L_0x55d72c87ddd0;  1 drivers
L_0x7f7244be5060 .functor BUFT 1, C4<0000000000000000>, C4<0>, C4<0>, C4<0>;
v0x55d72c86b780_0 .net *"_s14", 15 0, L_0x7f7244be5060;  1 drivers
L_0x7f7244be50a8 .functor BUFT 1, C4<00000000000000000000000100000000>, C4<0>, C4<0>, C4<0>;
v0x55d72c86b870_0 .net/2u *"_s15", 31 0, L_0x7f7244be50a8;  1 drivers
v0x55d72c86b950_0 .net *"_s17", 31 0, L_0x55d72c87df20;  1 drivers
v0x55d72c86ba80_0 .net *"_s22", 31 0, L_0x55d72c87e210;  1 drivers
L_0x7f7244be50f0 .functor BUFT 1, C4<0000000000000000>, C4<0>, C4<0>, C4<0>;
v0x55d72c86bb60_0 .net *"_s25", 15 0, L_0x7f7244be50f0;  1 drivers
L_0x7f7244be5138 .functor BUFT 1, C4<00000000000000000000000100000000>, C4<0>, C4<0>, C4<0>;
v0x55d72c86bc40_0 .net/2u *"_s26", 31 0, L_0x7f7244be5138;  1 drivers
v0x55d72c86bd20_0 .net *"_s28", 31 0, L_0x55d72c87e350;  1 drivers
v0x55d72c86be00_0 .net *"_s4", 31 0, L_0x55d72c86db40;  1 drivers
L_0x7f7244be5018 .functor BUFT 1, C4<00000000000000000000000100000000>, C4<0>, C4<0>, C4<0>;
v0x55d72c86bee0_0 .net/2s *"_s6", 31 0, L_0x7f7244be5018;  1 drivers
v0x55d72c86bfc0 .array "a", 20 0, 15 0;
v0x55d72c86c3d0_0 .net "a_out", 15 0, L_0x55d72c87e4e0;  alias, 1 drivers
v0x55d72c86c4b0 .array "bin_boundaries", 21 0, 15 0;
v0x55d72c86c8f0_0 .net "boundaries_output", 15 0, L_0x55d72c87e090;  alias, 1 drivers
v0x55d72c86c9d0_0 .net "clk", 0 0, v0x55d72c86d730_0;  1 drivers
v0x55d72c86ca90 .array/i "count", 20 0, 31 0;
v0x55d72c86cb50_0 .net "count_out", 31 0, L_0x55d72c8311f0;  alias, 1 drivers
v0x55d72c86cc30 .array "data", 199 0, 7 0;
v0x55d72c86ccf0_0 .var/i "data_index", 31 0;
v0x55d72c86cdd0_0 .var/i "hold_count", 31 0;
v0x55d72c86ceb0_0 .var/i "hold_sum", 31 0;
v0x55d72c86cf90_0 .var/i "i", 31 0;
v0x55d72c86d070_0 .var "index", 7 0;
v0x55d72c86d150_0 .var/i "itr", 31 0;
v0x55d72c86d230_0 .var/i "state", 31 0;
v0x55d72c86d310 .array/i "sum", 20 0, 31 0;
v0x55d72c86d3d0_0 .net "sum_out", 31 0, L_0x55d72c87dc40;  alias, 1 drivers
E_0x55d72c82f1b0 .event posedge, v0x55d72c86c9d0_0;
L_0x55d72c86d9a0 .array/port v0x55d72c86ca90, v0x55d72c86d070_0;
L_0x55d72c86db40 .array/port v0x55d72c86d310, v0x55d72c86d070_0;
L_0x55d72c87dc40 .arith/div.s 32, L_0x55d72c86db40, L_0x7f7244be5018;
v0x55d72c86c4b0_1 .array/port v0x55d72c86c4b0, 1;
L_0x55d72c87ddd0 .concat [ 16 16 0 0], v0x55d72c86c4b0_1, L_0x7f7244be5060;
L_0x55d72c87df20 .arith/div 32, L_0x55d72c87ddd0, L_0x7f7244be50a8;
L_0x55d72c87e090 .part L_0x55d72c87df20, 0, 16;
v0x55d72c86bfc0_1 .array/port v0x55d72c86bfc0, 1;
L_0x55d72c87e210 .concat [ 16 16 0 0], v0x55d72c86bfc0_1, L_0x7f7244be50f0;
L_0x55d72c87e350 .arith/div 32, L_0x55d72c87e210, L_0x7f7244be5138;
L_0x55d72c87e4e0 .part L_0x55d72c87e350, 0, 16;
    .scope S_0x55d72c84ba90;
T_0 ;
    %pushi/vec4 0, 0, 32;
    %store/vec4 v0x55d72c86cf90_0, 0, 32;
    %end;
    .thread T_0;
    .scope S_0x55d72c84ba90;
T_1 ;
    %vpi_call 3 36 "$readmemh", "/home/ryan/verilog_quantisation/verilog/dataout.hex", v0x55d72c86cc30 {0 0 0};
    %pushi/vec4 32768, 0, 16;
    %ix/load 4, 0, 0;
    %flag_set/imm 4, 0;
    %store/vec4a v0x55d72c86c4b0, 4, 0;
    %pushi/vec4 32512, 0, 16;
    %ix/load 4, 20, 0;
    %flag_set/imm 4, 0;
    %store/vec4a v0x55d72c86c4b0, 4, 0;
    %pushi/vec4 1, 0, 32;
    %store/vec4 v0x55d72c86cf90_0, 0, 32;
T_1.0 ;
    %load/vec4 v0x55d72c86cf90_0;
    %cmpi/s 20, 0, 32;
    %jmp/0xz T_1.1, 5;
    %load/vec4 v0x55d72c86cf90_0;
    %muli 2560, 0, 32;
    %subi 32768, 0, 32;
    %pad/s 16;
    %ix/getv/s 4, v0x55d72c86cf90_0;
    %store/vec4a v0x55d72c86c4b0, 4, 0;
    %load/vec4 v0x55d72c86cf90_0;
    %pushi/vec4 1, 0, 32;
    %add;
    %store/vec4 v0x55d72c86cf90_0, 0, 32;
    %jmp T_1.0;
T_1.1 ;
    %pushi/vec4 0, 0, 32;
    %store/vec4 v0x55d72c86cf90_0, 0, 32;
T_1.2 ;
    %load/vec4 v0x55d72c86cf90_0;
    %cmpi/s 20, 0, 32;
    %jmp/0xz T_1.3, 5;
    %pushi/vec4 0, 0, 32;
    %ix/getv/s 4, v0x55d72c86cf90_0;
    %store/vec4a v0x55d72c86ca90, 4, 0;
    %load/vec4 v0x55d72c86cf90_0;
    %pushi/vec4 1, 0, 32;
    %add;
    %store/vec4 v0x55d72c86cf90_0, 0, 32;
    %jmp T_1.2;
T_1.3 ;
    %pushi/vec4 0, 0, 32;
    %store/vec4 v0x55d72c86cf90_0, 0, 32;
T_1.4 ;
    %load/vec4 v0x55d72c86cf90_0;
    %cmpi/s 200, 0, 32;
    %jmp/0xz T_1.5, 5;
    %pushi/vec4 0, 0, 32;
    %ix/getv/s 4, v0x55d72c86cf90_0;
    %store/vec4a v0x55d72c86d310, 4, 0;
    %load/vec4 v0x55d72c86cf90_0;
    %pushi/vec4 1, 0, 32;
    %add;
    %store/vec4 v0x55d72c86cf90_0, 0, 32;
    %jmp T_1.4;
T_1.5 ;
    %pushi/vec4 0, 0, 32;
    %store/vec4 v0x55d72c86cf90_0, 0, 32;
T_1.6 ;
    %load/vec4 v0x55d72c86cf90_0;
    %cmpi/s 20, 0, 32;
    %jmp/0xz T_1.7, 5;
    %pushi/vec4 0, 0, 16;
    %ix/getv/s 4, v0x55d72c86cf90_0;
    %store/vec4a v0x55d72c86bfc0, 4, 0;
    %load/vec4 v0x55d72c86cf90_0;
    %pushi/vec4 1, 0, 32;
    %add;
    %store/vec4 v0x55d72c86cf90_0, 0, 32;
    %jmp T_1.6;
T_1.7 ;
    %end;
    .thread T_1;
    .scope S_0x55d72c84ba90;
T_2 ;
    %pushi/vec4 0, 0, 8;
    %store/vec4 v0x55d72c86d070_0, 0, 8;
    %end;
    .thread T_2;
    .scope S_0x55d72c84ba90;
T_3 ;
    %pushi/vec4 0, 0, 32;
    %store/vec4 v0x55d72c86ccf0_0, 0, 32;
    %end;
    .thread T_3;
    .scope S_0x55d72c84ba90;
T_4 ;
    %pushi/vec4 0, 0, 32;
    %store/vec4 v0x55d72c86d150_0, 0, 32;
    %end;
    .thread T_4;
    .scope S_0x55d72c84ba90;
T_5 ;
    %pushi/vec4 0, 0, 32;
    %store/vec4 v0x55d72c86d230_0, 0, 32;
    %end;
    .thread T_5;
    .scope S_0x55d72c84ba90;
T_6 ;
    %wait E_0x55d72c82f1b0;
    %load/vec4 v0x55d72c86d230_0;
    %dup/vec4;
    %pushi/vec4 0, 0, 32;
    %cmp/u;
    %jmp/1 T_6.0, 6;
    %dup/vec4;
    %pushi/vec4 1, 0, 32;
    %cmp/u;
    %jmp/1 T_6.1, 6;
    %dup/vec4;
    %pushi/vec4 2, 0, 32;
    %cmp/u;
    %jmp/1 T_6.2, 6;
    %dup/vec4;
    %pushi/vec4 3, 0, 32;
    %cmp/u;
    %jmp/1 T_6.3, 6;
    %dup/vec4;
    %pushi/vec4 4, 0, 32;
    %cmp/u;
    %jmp/1 T_6.4, 6;
    %dup/vec4;
    %pushi/vec4 5, 0, 32;
    %cmp/u;
    %jmp/1 T_6.5, 6;
    %jmp T_6.6;
T_6.0 ;
    %pushi/vec4 0, 0, 8;
    %store/vec4 v0x55d72c86d070_0, 0, 8;
T_6.7 ;
    %ix/getv 4, v0x55d72c86d070_0;
    %load/vec4a v0x55d72c86c4b0, 4;
    %pad/s 32;
    %ix/getv/s 4, v0x55d72c86ccf0_0;
    %load/vec4a v0x55d72c86cc30, 4;
    %pad/s 32;
    %muli 256, 0, 32;
    %cmp/s;
    %flag_or 5, 4;
    %jmp/0xz T_6.8, 5;
    %load/vec4 v0x55d72c86d070_0;
    %pushi/vec4 1, 0, 8;
    %add;
    %store/vec4 v0x55d72c86d070_0, 0, 8;
    %jmp T_6.7;
T_6.8 ;
    %load/vec4 v0x55d72c86d070_0;
    %pushi/vec4 1, 0, 8;
    %sub;
    %store/vec4 v0x55d72c86d070_0, 0, 8;
    %pushi/vec4 1, 0, 32;
    %store/vec4 v0x55d72c86d230_0, 0, 32;
    %jmp T_6.6;
T_6.1 ;
    %ix/getv 4, v0x55d72c86d070_0;
    %load/vec4a v0x55d72c86ca90, 4;
    %store/vec4 v0x55d72c86cdd0_0, 0, 32;
    %load/vec4 v0x55d72c86cdd0_0;
    %addi 1, 0, 32;
    %ix/getv 4, v0x55d72c86d070_0;
    %store/vec4a v0x55d72c86ca90, 4, 0;
    %ix/getv 4, v0x55d72c86d070_0;
    %load/vec4a v0x55d72c86d310, 4;
    %store/vec4 v0x55d72c86ceb0_0, 0, 32;
    %load/vec4 v0x55d72c86ceb0_0;
    %ix/getv/s 4, v0x55d72c86ccf0_0;
    %load/vec4a v0x55d72c86cc30, 4;
    %pad/s 32;
    %muli 256, 0, 32;
    %add;
    %ix/getv 4, v0x55d72c86d070_0;
    %store/vec4a v0x55d72c86d310, 4, 0;
    %load/vec4 v0x55d72c86ccf0_0;
    %cmpi/e 199, 0, 32;
    %jmp/0xz  T_6.9, 4;
    %pushi/vec4 2, 0, 32;
    %store/vec4 v0x55d72c86d230_0, 0, 32;
    %jmp T_6.10;
T_6.9 ;
    %load/vec4 v0x55d72c86ccf0_0;
    %pushi/vec4 1, 0, 32;
    %add;
    %store/vec4 v0x55d72c86ccf0_0, 0, 32;
    %pushi/vec4 0, 0, 32;
    %store/vec4 v0x55d72c86d230_0, 0, 32;
T_6.10 ;
    %jmp T_6.6;
T_6.2 ;
    %pushi/vec4 0, 0, 32;
    %store/vec4 v0x55d72c86cf90_0, 0, 32;
T_6.11 ;
    %load/vec4 v0x55d72c86cf90_0;
    %cmpi/s 20, 0, 32;
    %jmp/0xz T_6.12, 5;
    %ix/getv/s 4, v0x55d72c86cf90_0;
    %load/vec4a v0x55d72c86ca90, 4;
    %cmpi/ne 0, 0, 32;
    %jmp/0xz  T_6.13, 4;
    %ix/getv/s 4, v0x55d72c86cf90_0;
    %load/vec4a v0x55d72c86d310, 4;
    %ix/getv/s 4, v0x55d72c86cf90_0;
    %load/vec4a v0x55d72c86ca90, 4;
    %div/s;
    %pad/s 16;
    %ix/getv/s 4, v0x55d72c86cf90_0;
    %store/vec4a v0x55d72c86bfc0, 4, 0;
T_6.13 ;
    %load/vec4 v0x55d72c86cf90_0;
    %pushi/vec4 1, 0, 32;
    %add;
    %store/vec4 v0x55d72c86cf90_0, 0, 32;
    %jmp T_6.11;
T_6.12 ;
    %pushi/vec4 3, 0, 32;
    %store/vec4 v0x55d72c86d230_0, 0, 32;
    %jmp T_6.6;
T_6.3 ;
    %pushi/vec4 0, 0, 32;
    %store/vec4 v0x55d72c86ccf0_0, 0, 32;
    %pushi/vec4 1, 0, 32;
    %store/vec4 v0x55d72c86cf90_0, 0, 32;
T_6.15 ;
    %load/vec4 v0x55d72c86cf90_0;
    %cmpi/s 20, 0, 32;
    %jmp/0xz T_6.16, 5;
    %ix/getv/s 4, v0x55d72c86cf90_0;
    %load/vec4a v0x55d72c86bfc0, 4;
    %pad/u 32;
    %load/vec4 v0x55d72c86cf90_0;
    %pad/s 33;
    %subi 1, 0, 33;
    %ix/vec4/s 4;
    %load/vec4a v0x55d72c86bfc0, 4;
    %pad/u 32;
    %add;
    %pushi/vec4 2, 0, 32;
    %div;
    %pad/u 16;
    %ix/getv/s 4, v0x55d72c86cf90_0;
    %store/vec4a v0x55d72c86c4b0, 4, 0;
    %load/vec4 v0x55d72c86cf90_0;
    %pushi/vec4 1, 0, 32;
    %add;
    %store/vec4 v0x55d72c86cf90_0, 0, 32;
    %jmp T_6.15;
T_6.16 ;
    %pushi/vec4 4, 0, 32;
    %store/vec4 v0x55d72c86d230_0, 0, 32;
    %jmp T_6.6;
T_6.4 ;
    %pushi/vec4 0, 0, 32;
    %store/vec4 v0x55d72c86cf90_0, 0, 32;
T_6.17 ;
    %load/vec4 v0x55d72c86cf90_0;
    %cmpi/s 20, 0, 32;
    %jmp/0xz T_6.18, 5;
    %pushi/vec4 0, 0, 32;
    %ix/getv/s 4, v0x55d72c86cf90_0;
    %store/vec4a v0x55d72c86ca90, 4, 0;
    %load/vec4 v0x55d72c86cf90_0;
    %pushi/vec4 1, 0, 32;
    %add;
    %store/vec4 v0x55d72c86cf90_0, 0, 32;
    %jmp T_6.17;
T_6.18 ;
    %pushi/vec4 0, 0, 32;
    %store/vec4 v0x55d72c86cf90_0, 0, 32;
T_6.19 ;
    %load/vec4 v0x55d72c86cf90_0;
    %cmpi/s 200, 0, 32;
    %jmp/0xz T_6.20, 5;
    %pushi/vec4 0, 0, 32;
    %ix/getv/s 4, v0x55d72c86cf90_0;
    %store/vec4a v0x55d72c86d310, 4, 0;
    %load/vec4 v0x55d72c86cf90_0;
    %pushi/vec4 1, 0, 32;
    %add;
    %store/vec4 v0x55d72c86cf90_0, 0, 32;
    %jmp T_6.19;
T_6.20 ;
    %load/vec4 v0x55d72c86d150_0;
    %pushi/vec4 1, 0, 32;
    %add;
    %store/vec4 v0x55d72c86d150_0, 0, 32;
    %load/vec4 v0x55d72c86d150_0;
    %cmpi/e 100, 0, 32;
    %jmp/0xz  T_6.21, 4;
    %pushi/vec4 5, 0, 32;
    %store/vec4 v0x55d72c86d230_0, 0, 32;
    %jmp T_6.22;
T_6.21 ;
    %pushi/vec4 0, 0, 32;
    %store/vec4 v0x55d72c86d230_0, 0, 32;
T_6.22 ;
    %jmp T_6.6;
T_6.5 ;
    %jmp T_6.6;
T_6.6 ;
    %pop/vec4 1;
    %jmp T_6;
    .thread T_6;
    .scope S_0x55d72c84b910;
T_7 ;
    %pushi/vec4 0, 0, 1;
    %store/vec4 v0x55d72c86d730_0, 0, 1;
    %end;
    .thread T_7;
    .scope S_0x55d72c84b910;
T_8 ;
    %delay 500, 0;
    %load/vec4 v0x55d72c86d730_0;
    %inv;
    %store/vec4 v0x55d72c86d730_0, 0, 1;
    %jmp T_8;
    .thread T_8;
    .scope S_0x55d72c84b910;
T_9 ;
    %vpi_call 2 36 "$dumpfile", "fixed_point.vcd" {0 0 0};
    %vpi_call 2 37 "$dumpvars" {0 0 0};
    %end;
    .thread T_9;
    .scope S_0x55d72c84b910;
T_10 ;
    %delay 40200000, 0;
    %vpi_call 2 95 "$finish" {0 0 0};
    %end;
    .thread T_10;
# The file index is used to find the file name in the following table.
:file_names 4;
    "N/A";
    "<interactive>";
    "testbenches/fixed_point_tb.v";
    "verilog/fixed_point.v";
